[2022-09-07 09:34:22] merlin-logger.DEBUG: The welcome step has been displayed [] []
[2022-09-07 09:34:39] merlin-logger.DEBUG: The license activation step has been displayed [] []
[2022-09-07 09:34:39] merlin-logger.DEBUG: The plugin installation step has been displayed [] []
[2022-09-07 09:34:50] merlin-logger.DEBUG: A plugin with the following data will be processed {"plugin_slug":"hub-core","message":"Installing"} []
[2022-09-07 09:36:36] merlin-logger.DEBUG: A plugin with the following data will be processed {"plugin_slug":"hub-core","message":"Activating"} []
[2022-09-07 09:36:38] merlin-logger.DEBUG: A plugin with the following data was processed {"plugin_slug":"hub-core"} []
[2022-09-07 09:36:39] merlin-logger.DEBUG: A plugin with the following data will be processed {"plugin_slug":"hub-portfolio","message":"Installing"} []
[2022-09-07 09:36:41] merlin-logger.DEBUG: A plugin with the following data will be processed {"plugin_slug":"hub-portfolio","message":"Activating"} []
[2022-09-07 09:36:43] merlin-logger.DEBUG: A plugin with the following data was processed {"plugin_slug":"hub-portfolio"} []
[2022-09-07 09:36:43] merlin-logger.DEBUG: A plugin with the following data will be processed {"plugin_slug":"liquid_js_composer","message":"Installing"} []
[2022-09-07 09:37:50] merlin-logger.DEBUG: A plugin with the following data will be processed {"plugin_slug":"liquid_js_composer","message":"Activating"} []
[2022-09-07 09:37:52] merlin-logger.DEBUG: A plugin with the following data was processed {"plugin_slug":"liquid_js_composer"} []
[2022-09-07 09:37:55] merlin-logger.DEBUG: A plugin with the following data was processed {"plugin_slug":"liquid_js_composer"} []
[2022-09-07 09:37:58] merlin-logger.DEBUG: A plugin with the following data will be processed {"plugin_slug":"liquid-gdpr","message":"Installing"} []
[2022-09-07 09:38:01] merlin-logger.DEBUG: A plugin with the following data will be processed {"plugin_slug":"liquid-gdpr","message":"Activating"} []
[2022-09-07 09:38:03] merlin-logger.DEBUG: A plugin with the following data was processed {"plugin_slug":"liquid-gdpr"} []
[2022-09-07 09:38:04] merlin-logger.DEBUG: A plugin with the following data will be processed {"plugin_slug":"revslider","message":"Installing"} []
[2022-09-07 09:39:05] merlin-logger.DEBUG: A plugin with the following data will be processed {"plugin_slug":"revslider","message":"Activating"} []
[2022-09-07 09:39:30] merlin-logger.DEBUG: A plugin with the following data was processed {"plugin_slug":"revslider"} []
[2022-09-07 09:39:33] merlin-logger.DEBUG: A plugin with the following data was processed {"plugin_slug":"revslider"} []
[2022-09-07 09:39:34] merlin-logger.DEBUG: A plugin with the following data will be processed {"plugin_slug":"contact-form-7","message":"Installing"} []
[2022-09-07 09:39:49] merlin-logger.DEBUG: A plugin with the following data will be processed {"plugin_slug":"contact-form-7","message":"Activating"} []
[2022-09-07 09:39:52] merlin-logger.DEBUG: A plugin with the following data was processed {"plugin_slug":"contact-form-7"} []
[2022-09-07 09:39:53] merlin-logger.DEBUG: A plugin with the following data will be processed {"plugin_slug":"woocommerce","message":"Installing"} []
[2022-09-07 09:42:12] merlin-logger.DEBUG: A plugin with the following data will be processed {"plugin_slug":"woocommerce","message":"Activating"} []
[2022-09-07 09:42:20] merlin-logger.DEBUG: A plugin with the following data was processed {"plugin_slug":"woocommerce"} []
[2022-09-07 09:42:28] merlin-logger.DEBUG: The content import step has been displayed [] []
[2022-09-07 11:06:29] merlin-logger.DEBUG: The final step has been displayed [] []
[2022-09-07 11:08:18] merlin-logger.DEBUG: The final step has been displayed [] []
